
  .   ____          _            __ _ _
 /\\ / ___'_ __ _ _(_)_ __  __ _ \ \ \ \
( ( )\___ | '_ | '_| | '_ \/ _` | \ \ \ \
 \\/  ___)| |_)| | | | | || (_| |  ) ) ) )
  '  |____| .__|_| |_|_| |_\__, | / / / /
 =========|_|==============|___/=/_/_/_/
 :: Spring Boot ::                (v3.2.5)

2025-08-27T01:55:25.625-03:00  INFO 23607 --- [           main] com.kanban.KanbanApplication             : Starting KanbanApplication v0.0.1-SNAPSHOT using Java 21.0.6 with PID 23607 (/home/joao/projeto/backend/target/kanban-backend-0.0.1-SNAPSHOT.jar started by joao in /home/joao/projeto)
2025-08-27T01:55:25.627-03:00 DEBUG 23607 --- [           main] com.kanban.KanbanApplication             : Running with Spring Boot v3.2.5, Spring v6.1.6
2025-08-27T01:55:25.628-03:00  INFO 23607 --- [           main] com.kanban.KanbanApplication             : No active profile set, falling back to 1 default profile: "default"
2025-08-27T01:55:26.621-03:00  INFO 23607 --- [           main] .s.d.r.c.RepositoryConfigurationDelegate : Bootstrapping Spring Data JPA repositories in DEFAULT mode.
2025-08-27T01:55:26.665-03:00  INFO 23607 --- [           main] .s.d.r.c.RepositoryConfigurationDelegate : Finished Spring Data repository scanning in 38 ms. Found 1 JPA repository interface.
2025-08-27T01:55:27.300-03:00  INFO 23607 --- [           main] o.s.b.w.embedded.tomcat.TomcatWebServer  : Tomcat initialized with port 8080 (http)
2025-08-27T01:55:27.327-03:00  INFO 23607 --- [           main] o.apache.catalina.core.StandardService   : Starting service [Tomcat]
2025-08-27T01:55:27.328-03:00  INFO 23607 --- [           main] o.apache.catalina.core.StandardEngine    : Starting Servlet engine: [Apache Tomcat/10.1.20]
2025-08-27T01:55:27.378-03:00  INFO 23607 --- [           main] o.a.c.c.C.[Tomcat].[localhost].[/]       : Initializing Spring embedded WebApplicationContext
2025-08-27T01:55:27.381-03:00  INFO 23607 --- [           main] w.s.c.ServletWebServerApplicationContext : Root WebApplicationContext: initialization completed in 1662 ms
2025-08-27T01:55:27.576-03:00  INFO 23607 --- [           main] com.zaxxer.hikari.HikariDataSource       : HikariPool-1 - Starting...
2025-08-27T01:55:27.736-03:00  INFO 23607 --- [           main] com.zaxxer.hikari.pool.HikariPool        : HikariPool-1 - Added connection com.mysql.cj.jdbc.ConnectionImpl@59edb4f5
2025-08-27T01:55:27.738-03:00  INFO 23607 --- [           main] com.zaxxer.hikari.HikariDataSource       : HikariPool-1 - Start completed.
2025-08-27T01:55:27.824-03:00  INFO 23607 --- [           main] o.hibernate.jpa.internal.util.LogHelper  : HHH000204: Processing PersistenceUnitInfo [name: default]
2025-08-27T01:55:27.884-03:00  INFO 23607 --- [           main] org.hibernate.Version                    : HHH000412: Hibernate ORM core version 6.4.4.Final
2025-08-27T01:55:27.911-03:00  INFO 23607 --- [           main] o.h.c.internal.RegionFactoryInitiator    : HHH000026: Second-level cache disabled
2025-08-27T01:55:28.207-03:00  INFO 23607 --- [           main] o.s.o.j.p.SpringPersistenceUnitInfo      : No LoadTimeWeaver setup: ignoring JPA class transformer
2025-08-27T01:55:28.322-03:00  WARN 23607 --- [           main] org.hibernate.orm.deprecation            : HHH90000025: MySQLDialect does not need to be specified explicitly using 'hibernate.dialect' (remove the property setting and it will be selected by default)
2025-08-27T01:55:28.938-03:00  INFO 23607 --- [           main] o.h.e.t.j.p.i.JtaPlatformInitiator       : HHH000489: No JTA platform available (set 'hibernate.transaction.jta.platform' to enable JTA platform integration)
2025-08-27T01:55:29.007-03:00  INFO 23607 --- [           main] j.LocalContainerEntityManagerFactoryBean : Initialized JPA EntityManagerFactory for persistence unit 'default'
2025-08-27T01:55:29.245-03:00  INFO 23607 --- [           main] o.s.d.j.r.query.QueryEnhancerFactory     : Hibernate is in classpath; If applicable, HQL parser will be used.
2025-08-27T01:55:29.758-03:00  WARN 23607 --- [           main] JpaBaseConfiguration$JpaWebConfiguration : spring.jpa.open-in-view is enabled by default. Therefore, database queries may be performed during view rendering. Explicitly configure spring.jpa.open-in-view to disable this warning
2025-08-27T01:55:29.843-03:00 DEBUG 23607 --- [           main] s.w.s.m.m.a.RequestMappingHandlerMapping : 11 mappings in 'requestMappingHandlerMapping'
2025-08-27T01:55:29.914-03:00 DEBUG 23607 --- [           main] o.s.w.s.handler.SimpleUrlHandlerMapping  : Patterns [/webjars/**, /**] in 'resourceHandlerMapping'
2025-08-27T01:55:29.946-03:00 DEBUG 23607 --- [           main] s.w.s.m.m.a.RequestMappingHandlerAdapter : ControllerAdvice beans: 0 @ModelAttribute, 0 @InitBinder, 1 RequestBodyAdvice, 1 ResponseBodyAdvice
2025-08-27T01:55:29.994-03:00 DEBUG 23607 --- [           main] .m.m.a.ExceptionHandlerExceptionResolver : ControllerAdvice beans: 0 @ExceptionHandler, 1 ResponseBodyAdvice
2025-08-27T01:55:30.103-03:00  INFO 23607 --- [           main] o.s.b.w.embedded.tomcat.TomcatWebServer  : Tomcat started on port 8080 (http) with context path ''
2025-08-27T01:55:30.114-03:00  INFO 23607 --- [           main] com.kanban.KanbanApplication             : Started KanbanApplication in 5.004 seconds (process running for 5.556)
2025-08-27T01:55:35.242-03:00  INFO 23607 --- [nio-8080-exec-1] o.a.c.c.C.[Tomcat].[localhost].[/]       : Initializing Spring DispatcherServlet 'dispatcherServlet'
2025-08-27T01:55:35.242-03:00  INFO 23607 --- [nio-8080-exec-1] o.s.web.servlet.DispatcherServlet        : Initializing Servlet 'dispatcherServlet'
2025-08-27T01:55:35.242-03:00 DEBUG 23607 --- [nio-8080-exec-1] o.s.web.servlet.DispatcherServlet        : Detected StandardServletMultipartResolver
2025-08-27T01:55:35.242-03:00 DEBUG 23607 --- [nio-8080-exec-1] o.s.web.servlet.DispatcherServlet        : Detected AcceptHeaderLocaleResolver
2025-08-27T01:55:35.242-03:00 DEBUG 23607 --- [nio-8080-exec-1] o.s.web.servlet.DispatcherServlet        : Detected FixedThemeResolver
2025-08-27T01:55:35.243-03:00 DEBUG 23607 --- [nio-8080-exec-1] o.s.web.servlet.DispatcherServlet        : Detected org.springframework.web.servlet.view.DefaultRequestToViewNameTranslator@372c428
2025-08-27T01:55:35.244-03:00 DEBUG 23607 --- [nio-8080-exec-1] o.s.web.servlet.DispatcherServlet        : Detected org.springframework.web.servlet.support.SessionFlashMapManager@37bac0f4
2025-08-27T01:55:35.244-03:00 DEBUG 23607 --- [nio-8080-exec-1] o.s.web.servlet.DispatcherServlet        : enableLoggingRequestDetails='false': request parameters and headers will be masked to prevent unsafe logging of potentially sensitive data
2025-08-27T01:55:35.244-03:00  INFO 23607 --- [nio-8080-exec-1] o.s.web.servlet.DispatcherServlet        : Completed initialization in 2 ms
2025-08-27T01:55:35.253-03:00 DEBUG 23607 --- [nio-8080-exec-1] o.s.web.servlet.DispatcherServlet        : GET "/api/tasks", parameters={}
2025-08-27T01:55:35.264-03:00 DEBUG 23607 --- [nio-8080-exec-1] s.w.s.m.m.a.RequestMappingHandlerMapping : Mapped to com.kanban.controller.TaskController#getAllTasks()
2025-08-27T01:55:35.349-03:00 DEBUG 23607 --- [nio-8080-exec-1] org.hibernate.SQL                        : 
    select
        t1_0.id,
        t1_0.assignee,
        t1_0.created_at,
        t1_0.description,
        t1_0.due_date,
        t1_0.priority,
        t1_0.status,
        t1_0.title,
        t1_0.updated_at 
    from
        tasks t1_0 
    order by
        t1_0.status,
        t1_0.priority desc,
        t1_0.created_at
Hibernate: 
    select
        t1_0.id,
        t1_0.assignee,
        t1_0.created_at,
        t1_0.description,
        t1_0.due_date,
        t1_0.priority,
        t1_0.status,
        t1_0.title,
        t1_0.updated_at 
    from
        tasks t1_0 
    order by
        t1_0.status,
        t1_0.priority desc,
        t1_0.created_at
2025-08-27T01:55:35.376-03:00 DEBUG 23607 --- [nio-8080-exec-1] o.s.w.s.m.m.a.HttpEntityMethodProcessor  : Using 'application/json', given [*/*] and supported [application/json, application/*+json]
2025-08-27T01:55:35.377-03:00 DEBUG 23607 --- [nio-8080-exec-1] o.s.w.s.m.m.a.HttpEntityMethodProcessor  : Writing [[]]
2025-08-27T01:55:35.390-03:00 DEBUG 23607 --- [nio-8080-exec-1] o.s.web.servlet.DispatcherServlet        : Completed 200 OK
2025-08-27T01:55:55.187-03:00 DEBUG 23607 --- [nio-8080-exec-2] o.s.web.servlet.DispatcherServlet        : POST "/api/tasks", parameters={}
2025-08-27T01:55:55.187-03:00 DEBUG 23607 --- [nio-8080-exec-2] s.w.s.m.m.a.RequestMappingHandlerMapping : Mapped to com.kanban.controller.TaskController#createTask(Task)
2025-08-27T01:55:55.272-03:00 DEBUG 23607 --- [nio-8080-exec-2] m.m.a.RequestResponseBodyMethodProcessor : Read "application/json;charset=UTF-8" to [com.kanban.model.Task@79f071e4]
2025-08-27T01:55:55.370-03:00 DEBUG 23607 --- [nio-8080-exec-2] org.hibernate.SQL                        : 
    insert 
    into
        tasks
        (assignee, created_at, description, due_date, priority, status, title, updated_at) 
    values
        (?, ?, ?, ?, ?, ?, ?, ?)
Hibernate: 
    insert 
    into
        tasks
        (assignee, created_at, description, due_date, priority, status, title, updated_at) 
    values
        (?, ?, ?, ?, ?, ?, ?, ?)
2025-08-27T01:55:55.406-03:00 DEBUG 23607 --- [nio-8080-exec-2] o.s.w.s.m.m.a.HttpEntityMethodProcessor  : Using 'application/json', given [*/*] and supported [application/json, application/*+json]
2025-08-27T01:55:55.407-03:00 DEBUG 23607 --- [nio-8080-exec-2] o.s.w.s.m.m.a.HttpEntityMethodProcessor  : Writing [com.kanban.model.Task@79f071e4]
2025-08-27T01:55:55.410-03:00 DEBUG 23607 --- [nio-8080-exec-2] o.s.web.servlet.DispatcherServlet        : Completed 201 CREATED
2025-08-27T01:56:03.498-03:00 DEBUG 23607 --- [nio-8080-exec-4] o.s.web.servlet.DispatcherServlet        : GET "/api/tasks", parameters={}
2025-08-27T01:56:03.499-03:00 DEBUG 23607 --- [nio-8080-exec-4] s.w.s.m.m.a.RequestMappingHandlerMapping : Mapped to com.kanban.controller.TaskController#getAllTasks()
2025-08-27T01:56:03.503-03:00 DEBUG 23607 --- [nio-8080-exec-4] org.hibernate.SQL                        : 
    select
        t1_0.id,
        t1_0.assignee,
        t1_0.created_at,
        t1_0.description,
        t1_0.due_date,
        t1_0.priority,
        t1_0.status,
        t1_0.title,
        t1_0.updated_at 
    from
        tasks t1_0 
    order by
        t1_0.status,
        t1_0.priority desc,
        t1_0.created_at
Hibernate: 
    select
        t1_0.id,
        t1_0.assignee,
        t1_0.created_at,
        t1_0.description,
        t1_0.due_date,
        t1_0.priority,
        t1_0.status,
        t1_0.title,
        t1_0.updated_at 
    from
        tasks t1_0 
    order by
        t1_0.status,
        t1_0.priority desc,
        t1_0.created_at
2025-08-27T01:56:03.519-03:00 DEBUG 23607 --- [nio-8080-exec-4] o.s.w.s.m.m.a.HttpEntityMethodProcessor  : Using 'application/json', given [*/*] and supported [application/json, application/*+json]
2025-08-27T01:56:03.520-03:00 DEBUG 23607 --- [nio-8080-exec-4] o.s.w.s.m.m.a.HttpEntityMethodProcessor  : Writing [[com.kanban.model.Task@6a053e78]]
2025-08-27T01:56:03.522-03:00 DEBUG 23607 --- [nio-8080-exec-4] o.s.web.servlet.DispatcherServlet        : Completed 200 OK
2025-08-27T01:58:52.622-03:00 DEBUG 23607 --- [nio-8080-exec-5] o.s.web.servlet.DispatcherServlet        : GET "/api/tasks", parameters={}
2025-08-27T01:58:52.623-03:00 DEBUG 23607 --- [nio-8080-exec-5] s.w.s.m.m.a.RequestMappingHandlerMapping : Mapped to com.kanban.controller.TaskController#getAllTasks()
2025-08-27T01:58:52.625-03:00 DEBUG 23607 --- [nio-8080-exec-5] org.hibernate.SQL                        : 
    select
        t1_0.id,
        t1_0.assignee,
        t1_0.created_at,
        t1_0.description,
        t1_0.due_date,
        t1_0.priority,
        t1_0.status,
        t1_0.title,
        t1_0.updated_at 
    from
        tasks t1_0 
    order by
        t1_0.status,
        t1_0.priority desc,
        t1_0.created_at
Hibernate: 
    select
        t1_0.id,
        t1_0.assignee,
        t1_0.created_at,
        t1_0.description,
        t1_0.due_date,
        t1_0.priority,
        t1_0.status,
        t1_0.title,
        t1_0.updated_at 
    from
        tasks t1_0 
    order by
        t1_0.status,
        t1_0.priority desc,
        t1_0.created_at
2025-08-27T01:58:52.653-03:00 DEBUG 23607 --- [nio-8080-exec-5] o.s.w.s.m.m.a.HttpEntityMethodProcessor  : Using 'application/json', given [*/*] and supported [application/json, application/*+json]
2025-08-27T01:58:52.654-03:00 DEBUG 23607 --- [nio-8080-exec-5] o.s.w.s.m.m.a.HttpEntityMethodProcessor  : Writing [[com.kanban.model.Task@70b11e9]]
2025-08-27T01:58:52.655-03:00 DEBUG 23607 --- [nio-8080-exec-5] o.s.web.servlet.DispatcherServlet        : Completed 200 OK
2025-08-27T01:59:01.264-03:00 DEBUG 23607 --- [nio-8080-exec-7] o.s.web.servlet.DispatcherServlet        : POST "/api/tasks", parameters={}
2025-08-27T01:59:01.265-03:00 DEBUG 23607 --- [nio-8080-exec-7] s.w.s.m.m.a.RequestMappingHandlerMapping : Mapped to com.kanban.controller.TaskController#createTask(Task)
2025-08-27T01:59:01.267-03:00 DEBUG 23607 --- [nio-8080-exec-7] m.m.a.RequestResponseBodyMethodProcessor : Read "application/json;charset=UTF-8" to [com.kanban.model.Task@44efe4fe]
2025-08-27T01:59:01.270-03:00 DEBUG 23607 --- [nio-8080-exec-7] org.hibernate.SQL                        : 
    insert 
    into
        tasks
        (assignee, created_at, description, due_date, priority, status, title, updated_at) 
    values
        (?, ?, ?, ?, ?, ?, ?, ?)
Hibernate: 
    insert 
    into
        tasks
        (assignee, created_at, description, due_date, priority, status, title, updated_at) 
    values
        (?, ?, ?, ?, ?, ?, ?, ?)
2025-08-27T01:59:01.287-03:00 DEBUG 23607 --- [nio-8080-exec-7] o.s.w.s.m.m.a.HttpEntityMethodProcessor  : Using 'application/json', given [*/*] and supported [application/json, application/*+json]
2025-08-27T01:59:01.287-03:00 DEBUG 23607 --- [nio-8080-exec-7] o.s.w.s.m.m.a.HttpEntityMethodProcessor  : Writing [com.kanban.model.Task@44efe4fe]
2025-08-27T01:59:01.289-03:00 DEBUG 23607 --- [nio-8080-exec-7] o.s.web.servlet.DispatcherServlet        : Completed 201 CREATED
2025-08-27T01:59:08.311-03:00 DEBUG 23607 --- [nio-8080-exec-9] o.s.web.servlet.DispatcherServlet        : POST "/api/tasks", parameters={}
2025-08-27T01:59:08.311-03:00 DEBUG 23607 --- [nio-8080-exec-9] s.w.s.m.m.a.RequestMappingHandlerMapping : Mapped to com.kanban.controller.TaskController#createTask(Task)
2025-08-27T01:59:08.312-03:00 DEBUG 23607 --- [nio-8080-exec-9] m.m.a.RequestResponseBodyMethodProcessor : Read "application/json;charset=UTF-8" to [com.kanban.model.Task@2e76d3ec]
2025-08-27T01:59:08.314-03:00 DEBUG 23607 --- [nio-8080-exec-9] org.hibernate.SQL                        : 
    insert 
    into
        tasks
        (assignee, created_at, description, due_date, priority, status, title, updated_at) 
    values
        (?, ?, ?, ?, ?, ?, ?, ?)
Hibernate: 
    insert 
    into
        tasks
        (assignee, created_at, description, due_date, priority, status, title, updated_at) 
    values
        (?, ?, ?, ?, ?, ?, ?, ?)
2025-08-27T01:59:08.321-03:00 DEBUG 23607 --- [nio-8080-exec-9] o.s.w.s.m.m.a.HttpEntityMethodProcessor  : Using 'application/json', given [*/*] and supported [application/json, application/*+json]
2025-08-27T01:59:08.322-03:00 DEBUG 23607 --- [nio-8080-exec-9] o.s.w.s.m.m.a.HttpEntityMethodProcessor  : Writing [com.kanban.model.Task@2e76d3ec]
2025-08-27T01:59:08.323-03:00 DEBUG 23607 --- [nio-8080-exec-9] o.s.web.servlet.DispatcherServlet        : Completed 201 CREATED
2025-08-27T01:59:14.757-03:00 DEBUG 23607 --- [nio-8080-exec-1] o.s.web.servlet.DispatcherServlet        : GET "/api/tasks", parameters={}
2025-08-27T01:59:14.757-03:00 DEBUG 23607 --- [nio-8080-exec-1] s.w.s.m.m.a.RequestMappingHandlerMapping : Mapped to com.kanban.controller.TaskController#getAllTasks()
2025-08-27T01:59:14.759-03:00 DEBUG 23607 --- [nio-8080-exec-1] org.hibernate.SQL                        : 
    select
        t1_0.id,
        t1_0.assignee,
        t1_0.created_at,
        t1_0.description,
        t1_0.due_date,
        t1_0.priority,
        t1_0.status,
        t1_0.title,
        t1_0.updated_at 
    from
        tasks t1_0 
    order by
        t1_0.status,
        t1_0.priority desc,
        t1_0.created_at
Hibernate: 
    select
        t1_0.id,
        t1_0.assignee,
        t1_0.created_at,
        t1_0.description,
        t1_0.due_date,
        t1_0.priority,
        t1_0.status,
        t1_0.title,
        t1_0.updated_at 
    from
        tasks t1_0 
    order by
        t1_0.status,
        t1_0.priority desc,
        t1_0.created_at
2025-08-27T01:59:14.764-03:00 DEBUG 23607 --- [nio-8080-exec-1] o.s.w.s.m.m.a.HttpEntityMethodProcessor  : Using 'application/json', given [*/*] and supported [application/json, application/*+json]
2025-08-27T01:59:14.765-03:00 DEBUG 23607 --- [nio-8080-exec-1] o.s.w.s.m.m.a.HttpEntityMethodProcessor  : Writing [[com.kanban.model.Task@7561d426, com.kanban.model.Task@3cee4088, com.kanban.model.Task@1f9c7a2a]]
2025-08-27T01:59:14.766-03:00 DEBUG 23607 --- [nio-8080-exec-1] o.s.web.servlet.DispatcherServlet        : Completed 200 OK
2025-08-27T01:59:40.370-03:00 DEBUG 23607 --- [nio-8080-exec-2] o.s.web.servlet.DispatcherServlet        : GET "/api/tasks", parameters={}
2025-08-27T01:59:40.371-03:00 DEBUG 23607 --- [nio-8080-exec-2] s.w.s.m.m.a.RequestMappingHandlerMapping : Mapped to com.kanban.controller.TaskController#getAllTasks()
2025-08-27T01:59:40.395-03:00 DEBUG 23607 --- [nio-8080-exec-3] o.s.web.servlet.DispatcherServlet        : GET "/api/tasks", parameters={}
2025-08-27T01:59:40.396-03:00 DEBUG 23607 --- [nio-8080-exec-3] s.w.s.m.m.a.RequestMappingHandlerMapping : Mapped to com.kanban.controller.TaskController#getAllTasks()
2025-08-27T01:59:40.408-03:00 DEBUG 23607 --- [nio-8080-exec-3] org.hibernate.SQL                        : 
    select
        t1_0.id,
        t1_0.assignee,
        t1_0.created_at,
        t1_0.description,
        t1_0.due_date,
        t1_0.priority,
        t1_0.status,
        t1_0.title,
        t1_0.updated_at 
    from
        tasks t1_0 
    order by
        t1_0.status,
        t1_0.priority desc,
        t1_0.created_at
Hibernate: 
    select
        t1_0.id,
        t1_0.assignee,
        t1_0.created_at,
        t1_0.description,
        t1_0.due_date,
        t1_0.priority,
        t1_0.status,
        t1_0.title,
        t1_0.updated_at 
    from
        tasks t1_0 
    order by
        t1_0.status,
        t1_0.priority desc,
        t1_0.created_at
2025-08-27T01:59:40.409-03:00 DEBUG 23607 --- [nio-8080-exec-2] org.hibernate.SQL                        : 
    select
        t1_0.id,
        t1_0.assignee,
        t1_0.created_at,
        t1_0.description,
        t1_0.due_date,
        t1_0.priority,
        t1_0.status,
        t1_0.title,
        t1_0.updated_at 
    from
        tasks t1_0 
    order by
        t1_0.status,
        t1_0.priority desc,
        t1_0.created_at
Hibernate: 
    select
        t1_0.id,
        t1_0.assignee,
        t1_0.created_at,
        t1_0.description,
        t1_0.due_date,
        t1_0.priority,
        t1_0.status,
        t1_0.title,
        t1_0.updated_at 
    from
        tasks t1_0 
    order by
        t1_0.status,
        t1_0.priority desc,
        t1_0.created_at
2025-08-27T01:59:40.412-03:00 DEBUG 23607 --- [nio-8080-exec-3] o.s.w.s.m.m.a.HttpEntityMethodProcessor  : Using 'application/json', given [application/json, text/plain, */*] and supported [application/json, application/*+json]
2025-08-27T01:59:40.413-03:00 DEBUG 23607 --- [nio-8080-exec-3] o.s.w.s.m.m.a.HttpEntityMethodProcessor  : Writing [[com.kanban.model.Task@5de1d620, com.kanban.model.Task@4eb844e2, com.kanban.model.Task@15b92924]]
2025-08-27T01:59:40.419-03:00 DEBUG 23607 --- [nio-8080-exec-3] o.s.web.servlet.DispatcherServlet        : Completed 200 OK
2025-08-27T01:59:40.422-03:00 DEBUG 23607 --- [nio-8080-exec-2] o.s.w.s.m.m.a.HttpEntityMethodProcessor  : Using 'application/json', given [application/json, text/plain, */*] and supported [application/json, application/*+json]
2025-08-27T01:59:40.423-03:00 DEBUG 23607 --- [nio-8080-exec-2] o.s.w.s.m.m.a.HttpEntityMethodProcessor  : Writing [[com.kanban.model.Task@f25be27, com.kanban.model.Task@4b8fcc1b, com.kanban.model.Task@3256bd87]]
2025-08-27T01:59:40.425-03:00 DEBUG 23607 --- [nio-8080-exec-2] o.s.web.servlet.DispatcherServlet        : Completed 200 OK
2025-08-27T01:59:58.442-03:00 DEBUG 23607 --- [nio-8080-exec-4] o.s.web.servlet.DispatcherServlet        : GET "/api/tasks", parameters={}
2025-08-27T01:59:58.444-03:00 DEBUG 23607 --- [nio-8080-exec-4] s.w.s.m.m.a.RequestMappingHandlerMapping : Mapped to com.kanban.controller.TaskController#getAllTasks()
2025-08-27T01:59:58.448-03:00 DEBUG 23607 --- [nio-8080-exec-4] org.hibernate.SQL                        : 
    select
        t1_0.id,
        t1_0.assignee,
        t1_0.created_at,
        t1_0.description,
        t1_0.due_date,
        t1_0.priority,
        t1_0.status,
        t1_0.title,
        t1_0.updated_at 
    from
        tasks t1_0 
    order by
        t1_0.status,
        t1_0.priority desc,
        t1_0.created_at
Hibernate: 
    select
        t1_0.id,
        t1_0.assignee,
        t1_0.created_at,
        t1_0.description,
        t1_0.due_date,
        t1_0.priority,
        t1_0.status,
        t1_0.title,
        t1_0.updated_at 
    from
        tasks t1_0 
    order by
        t1_0.status,
        t1_0.priority desc,
        t1_0.created_at
2025-08-27T01:59:58.450-03:00 DEBUG 23607 --- [nio-8080-exec-5] o.s.web.servlet.DispatcherServlet        : GET "/api/tasks", parameters={}
2025-08-27T01:59:58.451-03:00 DEBUG 23607 --- [nio-8080-exec-5] s.w.s.m.m.a.RequestMappingHandlerMapping : Mapped to com.kanban.controller.TaskController#getAllTasks()
2025-08-27T01:59:58.453-03:00 DEBUG 23607 --- [nio-8080-exec-4] o.s.w.s.m.m.a.HttpEntityMethodProcessor  : Using 'application/json', given [application/json, text/plain, */*] and supported [application/json, application/*+json]
2025-08-27T01:59:58.453-03:00 DEBUG 23607 --- [nio-8080-exec-4] o.s.w.s.m.m.a.HttpEntityMethodProcessor  : Writing [[com.kanban.model.Task@246b3a5f, com.kanban.model.Task@53bd6340, com.kanban.model.Task@771b0026]]
2025-08-27T01:59:58.458-03:00 DEBUG 23607 --- [nio-8080-exec-4] o.s.web.servlet.DispatcherServlet        : Completed 200 OK
2025-08-27T01:59:58.458-03:00 DEBUG 23607 --- [nio-8080-exec-5] org.hibernate.SQL                        : 
    select
        t1_0.id,
        t1_0.assignee,
        t1_0.created_at,
        t1_0.description,
        t1_0.due_date,
        t1_0.priority,
        t1_0.status,
        t1_0.title,
        t1_0.updated_at 
    from
        tasks t1_0 
    order by
        t1_0.status,
        t1_0.priority desc,
        t1_0.created_at
Hibernate: 
    select
        t1_0.id,
        t1_0.assignee,
        t1_0.created_at,
        t1_0.description,
        t1_0.due_date,
        t1_0.priority,
        t1_0.status,
        t1_0.title,
        t1_0.updated_at 
    from
        tasks t1_0 
    order by
        t1_0.status,
        t1_0.priority desc,
        t1_0.created_at
2025-08-27T01:59:58.461-03:00 DEBUG 23607 --- [nio-8080-exec-5] o.s.w.s.m.m.a.HttpEntityMethodProcessor  : Using 'application/json', given [application/json, text/plain, */*] and supported [application/json, application/*+json]
2025-08-27T01:59:58.463-03:00 DEBUG 23607 --- [nio-8080-exec-5] o.s.w.s.m.m.a.HttpEntityMethodProcessor  : Writing [[com.kanban.model.Task@2cdaf83b, com.kanban.model.Task@22267023, com.kanban.model.Task@361aee53]]
2025-08-27T01:59:58.465-03:00 DEBUG 23607 --- [nio-8080-exec-5] o.s.web.servlet.DispatcherServlet        : Completed 200 OK
2025-08-27T02:00:19.659-03:00 DEBUG 23607 --- [nio-8080-exec-6] o.s.web.servlet.DispatcherServlet        : GET "/api/tasks", parameters={}
2025-08-27T02:00:19.660-03:00 DEBUG 23607 --- [nio-8080-exec-6] s.w.s.m.m.a.RequestMappingHandlerMapping : Mapped to com.kanban.controller.TaskController#getAllTasks()
2025-08-27T02:00:19.663-03:00 DEBUG 23607 --- [nio-8080-exec-6] org.hibernate.SQL                        : 
    select
        t1_0.id,
        t1_0.assignee,
        t1_0.created_at,
        t1_0.description,
        t1_0.due_date,
        t1_0.priority,
        t1_0.status,
        t1_0.title,
        t1_0.updated_at 
    from
        tasks t1_0 
    order by
        t1_0.status,
        t1_0.priority desc,
        t1_0.created_at
Hibernate: 
    select
        t1_0.id,
        t1_0.assignee,
        t1_0.created_at,
        t1_0.description,
        t1_0.due_date,
        t1_0.priority,
        t1_0.status,
        t1_0.title,
        t1_0.updated_at 
    from
        tasks t1_0 
    order by
        t1_0.status,
        t1_0.priority desc,
        t1_0.created_at
2025-08-27T02:00:19.667-03:00 DEBUG 23607 --- [nio-8080-exec-6] o.s.w.s.m.m.a.HttpEntityMethodProcessor  : Using 'application/json', given [application/json, text/plain, */*] and supported [application/json, application/*+json]
2025-08-27T02:00:19.672-03:00 DEBUG 23607 --- [nio-8080-exec-6] o.s.w.s.m.m.a.HttpEntityMethodProcessor  : Writing [[com.kanban.model.Task@70b31632, com.kanban.model.Task@35b18640, com.kanban.model.Task@14315cd9]]
2025-08-27T02:00:19.675-03:00 DEBUG 23607 --- [nio-8080-exec-6] o.s.web.servlet.DispatcherServlet        : Completed 200 OK
2025-08-27T02:00:19.681-03:00 DEBUG 23607 --- [nio-8080-exec-7] o.s.web.servlet.DispatcherServlet        : GET "/api/tasks", parameters={}
2025-08-27T02:00:19.682-03:00 DEBUG 23607 --- [nio-8080-exec-7] s.w.s.m.m.a.RequestMappingHandlerMapping : Mapped to com.kanban.controller.TaskController#getAllTasks()
2025-08-27T02:00:19.684-03:00 DEBUG 23607 --- [nio-8080-exec-7] org.hibernate.SQL                        : 
    select
        t1_0.id,
        t1_0.assignee,
        t1_0.created_at,
        t1_0.description,
        t1_0.due_date,
        t1_0.priority,
        t1_0.status,
        t1_0.title,
        t1_0.updated_at 
    from
        tasks t1_0 
    order by
        t1_0.status,
        t1_0.priority desc,
        t1_0.created_at
Hibernate: 
    select
        t1_0.id,
        t1_0.assignee,
        t1_0.created_at,
        t1_0.description,
        t1_0.due_date,
        t1_0.priority,
        t1_0.status,
        t1_0.title,
        t1_0.updated_at 
    from
        tasks t1_0 
    order by
        t1_0.status,
        t1_0.priority desc,
        t1_0.created_at
2025-08-27T02:00:19.694-03:00 DEBUG 23607 --- [nio-8080-exec-7] o.s.w.s.m.m.a.HttpEntityMethodProcessor  : Using 'application/json', given [application/json, text/plain, */*] and supported [application/json, application/*+json]
2025-08-27T02:00:19.695-03:00 DEBUG 23607 --- [nio-8080-exec-7] o.s.w.s.m.m.a.HttpEntityMethodProcessor  : Writing [[com.kanban.model.Task@39766dab, com.kanban.model.Task@76e771e7, com.kanban.model.Task@6c559352]]
2025-08-27T02:00:19.700-03:00 DEBUG 23607 --- [nio-8080-exec-7] o.s.web.servlet.DispatcherServlet        : Completed 200 OK
2025-08-27T02:00:28.444-03:00 DEBUG 23607 --- [nio-8080-exec-9] o.s.web.servlet.DispatcherServlet        : GET "/api/tasks", parameters={}
2025-08-27T02:00:28.445-03:00 DEBUG 23607 --- [nio-8080-exec-8] o.s.web.servlet.DispatcherServlet        : GET "/api/tasks", parameters={}
2025-08-27T02:00:28.448-03:00 DEBUG 23607 --- [nio-8080-exec-9] s.w.s.m.m.a.RequestMappingHandlerMapping : Mapped to com.kanban.controller.TaskController#getAllTasks()
2025-08-27T02:00:28.449-03:00 DEBUG 23607 --- [nio-8080-exec-8] s.w.s.m.m.a.RequestMappingHandlerMapping : Mapped to com.kanban.controller.TaskController#getAllTasks()
2025-08-27T02:00:28.453-03:00 DEBUG 23607 --- [nio-8080-exec-9] org.hibernate.SQL                        : 
    select
        t1_0.id,
        t1_0.assignee,
        t1_0.created_at,
        t1_0.description,
        t1_0.due_date,
        t1_0.priority,
        t1_0.status,
        t1_0.title,
        t1_0.updated_at 
    from
        tasks t1_0 
    order by
        t1_0.status,
        t1_0.priority desc,
        t1_0.created_at
Hibernate: 
    select
        t1_0.id,
        t1_0.assignee,
        t1_0.created_at,
        t1_0.description,
        t1_0.due_date,
        t1_0.priority,
        t1_0.status,
        t1_0.title,
        t1_0.updated_at 
    from
        tasks t1_0 
    order by
        t1_0.status,
        t1_0.priority desc,
        t1_0.created_at
2025-08-27T02:00:28.457-03:00 DEBUG 23607 --- [nio-8080-exec-9] o.s.w.s.m.m.a.HttpEntityMethodProcessor  : Using 'application/json', given [application/json, text/plain, */*] and supported [application/json, application/*+json]
2025-08-27T02:00:28.458-03:00 DEBUG 23607 --- [nio-8080-exec-9] o.s.w.s.m.m.a.HttpEntityMethodProcessor  : Writing [[com.kanban.model.Task@8b015ff, com.kanban.model.Task@52f74d15, com.kanban.model.Task@3ef72b7f]]
2025-08-27T02:00:28.459-03:00 DEBUG 23607 --- [nio-8080-exec-9] o.s.web.servlet.DispatcherServlet        : Completed 200 OK
2025-08-27T02:00:28.460-03:00 DEBUG 23607 --- [nio-8080-exec-8] org.hibernate.SQL                        : 
    select
        t1_0.id,
        t1_0.assignee,
        t1_0.created_at,
        t1_0.description,
        t1_0.due_date,
        t1_0.priority,
        t1_0.status,
        t1_0.title,
        t1_0.updated_at 
    from
        tasks t1_0 
    order by
        t1_0.status,
        t1_0.priority desc,
        t1_0.created_at
Hibernate: 
    select
        t1_0.id,
        t1_0.assignee,
        t1_0.created_at,
        t1_0.description,
        t1_0.due_date,
        t1_0.priority,
        t1_0.status,
        t1_0.title,
        t1_0.updated_at 
    from
        tasks t1_0 
    order by
        t1_0.status,
        t1_0.priority desc,
        t1_0.created_at
2025-08-27T02:00:28.463-03:00 DEBUG 23607 --- [nio-8080-exec-8] o.s.w.s.m.m.a.HttpEntityMethodProcessor  : Using 'application/json', given [application/json, text/plain, */*] and supported [application/json, application/*+json]
2025-08-27T02:00:28.464-03:00 DEBUG 23607 --- [nio-8080-exec-8] o.s.w.s.m.m.a.HttpEntityMethodProcessor  : Writing [[com.kanban.model.Task@5b0b648, com.kanban.model.Task@1db8adaf, com.kanban.model.Task@347ff44f]]
2025-08-27T02:00:28.467-03:00 DEBUG 23607 --- [nio-8080-exec-8] o.s.web.servlet.DispatcherServlet        : Completed 200 OK
2025-08-27T02:00:50.432-03:00 DEBUG 23607 --- [io-8080-exec-10] o.s.web.servlet.DispatcherServlet        : OPTIONS "/api/tasks", parameters={}
2025-08-27T02:00:50.432-03:00 DEBUG 23607 --- [io-8080-exec-10] s.w.s.m.m.a.RequestMappingHandlerMapping : Mapped to com.kanban.controller.TaskController#getAllTasks()
2025-08-27T02:00:50.434-03:00 DEBUG 23607 --- [io-8080-exec-10] o.s.web.servlet.DispatcherServlet        : Completed 200 OK
2025-08-27T02:01:41.412-03:00 DEBUG 23607 --- [nio-8080-exec-4] o.s.web.servlet.DispatcherServlet        : GET "/api/tasks", parameters={}
2025-08-27T02:01:41.413-03:00 DEBUG 23607 --- [nio-8080-exec-4] s.w.s.m.m.a.RequestMappingHandlerMapping : Mapped to com.kanban.controller.TaskController#getAllTasks()
2025-08-27T02:01:41.414-03:00 DEBUG 23607 --- [nio-8080-exec-4] org.hibernate.SQL                        : 
    select
        t1_0.id,
        t1_0.assignee,
        t1_0.created_at,
        t1_0.description,
        t1_0.due_date,
        t1_0.priority,
        t1_0.status,
        t1_0.title,
        t1_0.updated_at 
    from
        tasks t1_0 
    order by
        t1_0.status,
        t1_0.priority desc,
        t1_0.created_at
Hibernate: 
    select
        t1_0.id,
        t1_0.assignee,
        t1_0.created_at,
        t1_0.description,
        t1_0.due_date,
        t1_0.priority,
        t1_0.status,
        t1_0.title,
        t1_0.updated_at 
    from
        tasks t1_0 
    order by
        t1_0.status,
        t1_0.priority desc,
        t1_0.created_at
2025-08-27T02:01:41.417-03:00 DEBUG 23607 --- [nio-8080-exec-4] o.s.w.s.m.m.a.HttpEntityMethodProcessor  : Using 'application/json', given [*/*] and supported [application/json, application/*+json]
2025-08-27T02:01:41.417-03:00 DEBUG 23607 --- [nio-8080-exec-4] o.s.w.s.m.m.a.HttpEntityMethodProcessor  : Writing [[com.kanban.model.Task@325f20aa, com.kanban.model.Task@67f34e77, com.kanban.model.Task@6cc1d2ac]]
2025-08-27T02:01:41.418-03:00 DEBUG 23607 --- [nio-8080-exec-4] o.s.web.servlet.DispatcherServlet        : Completed 200 OK
2025-08-27T02:01:41.437-03:00 DEBUG 23607 --- [nio-8080-exec-6] o.s.web.servlet.DispatcherServlet        : OPTIONS "/api/tasks", parameters={}
2025-08-27T02:01:41.441-03:00 DEBUG 23607 --- [nio-8080-exec-6] s.w.s.m.m.a.RequestMappingHandlerMapping : Mapped to org.springframework.web.servlet.mvc.method.RequestMappingInfoHandlerMapping$HttpOptionsHandler#handle()
2025-08-27T02:01:41.442-03:00 DEBUG 23607 --- [nio-8080-exec-6] o.s.web.servlet.DispatcherServlet        : Completed 200 OK
2025-08-27T02:01:41.452-03:00 DEBUG 23607 --- [nio-8080-exec-7] o.s.web.servlet.DispatcherServlet        : GET "/api/tasks", parameters={}
2025-08-27T02:01:41.453-03:00 DEBUG 23607 --- [nio-8080-exec-7] s.w.s.m.m.a.RequestMappingHandlerMapping : Mapped to com.kanban.controller.TaskController#getAllTasks()
2025-08-27T02:01:41.455-03:00 DEBUG 23607 --- [nio-8080-exec-7] org.hibernate.SQL                        : 
    select
        t1_0.id,
        t1_0.assignee,
        t1_0.created_at,
        t1_0.description,
        t1_0.due_date,
        t1_0.priority,
        t1_0.status,
        t1_0.title,
        t1_0.updated_at 
    from
        tasks t1_0 
    order by
        t1_0.status,
        t1_0.priority desc,
        t1_0.created_at
Hibernate: 
    select
        t1_0.id,
        t1_0.assignee,
        t1_0.created_at,
        t1_0.description,
        t1_0.due_date,
        t1_0.priority,
        t1_0.status,
        t1_0.title,
        t1_0.updated_at 
    from
        tasks t1_0 
    order by
        t1_0.status,
        t1_0.priority desc,
        t1_0.created_at
2025-08-27T02:01:41.458-03:00 DEBUG 23607 --- [nio-8080-exec-7] o.s.w.s.m.m.a.HttpEntityMethodProcessor  : Using 'application/json', given [*/*] and supported [application/json, application/*+json]
2025-08-27T02:01:41.459-03:00 DEBUG 23607 --- [nio-8080-exec-7] o.s.w.s.m.m.a.HttpEntityMethodProcessor  : Writing [[com.kanban.model.Task@23957bfc, com.kanban.model.Task@72c7b9f7, com.kanban.model.Task@205742af]]
2025-08-27T02:01:41.460-03:00 DEBUG 23607 --- [nio-8080-exec-7] o.s.web.servlet.DispatcherServlet        : Completed 200 OK
2025-08-27T02:01:48.622-03:00 DEBUG 23607 --- [nio-8080-exec-9] o.s.web.servlet.DispatcherServlet        : GET "/api/tasks", parameters={}
2025-08-27T02:01:48.623-03:00 DEBUG 23607 --- [nio-8080-exec-9] s.w.s.m.m.a.RequestMappingHandlerMapping : Mapped to com.kanban.controller.TaskController#getAllTasks()
2025-08-27T02:01:48.625-03:00 DEBUG 23607 --- [nio-8080-exec-9] org.hibernate.SQL                        : 
    select
        t1_0.id,
        t1_0.assignee,
        t1_0.created_at,
        t1_0.description,
        t1_0.due_date,
        t1_0.priority,
        t1_0.status,
        t1_0.title,
        t1_0.updated_at 
    from
        tasks t1_0 
    order by
        t1_0.status,
        t1_0.priority desc,
        t1_0.created_at
Hibernate: 
    select
        t1_0.id,
        t1_0.assignee,
        t1_0.created_at,
        t1_0.description,
        t1_0.due_date,
        t1_0.priority,
        t1_0.status,
        t1_0.title,
        t1_0.updated_at 
    from
        tasks t1_0 
    order by
        t1_0.status,
        t1_0.priority desc,
        t1_0.created_at
2025-08-27T02:01:48.629-03:00 DEBUG 23607 --- [nio-8080-exec-9] o.s.w.s.m.m.a.HttpEntityMethodProcessor  : Using 'application/json', given [application/json, text/plain, */*] and supported [application/json, application/*+json]
2025-08-27T02:01:48.629-03:00 DEBUG 23607 --- [nio-8080-exec-9] o.s.w.s.m.m.a.HttpEntityMethodProcessor  : Writing [[com.kanban.model.Task@18398751, com.kanban.model.Task@74306bb3, com.kanban.model.Task@2f767f31]]
2025-08-27T02:01:48.631-03:00 DEBUG 23607 --- [nio-8080-exec-9] o.s.web.servlet.DispatcherServlet        : Completed 200 OK
2025-08-27T02:02:16.552-03:00 DEBUG 23607 --- [nio-8080-exec-8] o.s.web.servlet.DispatcherServlet        : OPTIONS "/api/tasks/2/status", parameters={}
2025-08-27T02:02:16.553-03:00 DEBUG 23607 --- [nio-8080-exec-8] s.w.s.m.m.a.RequestMappingHandlerMapping : Mapped to com.kanban.controller.TaskController#updateTaskStatus(Long, StatusUpdateRequest)
2025-08-27T02:02:16.554-03:00 DEBUG 23607 --- [nio-8080-exec-8] o.s.web.servlet.DispatcherServlet        : Completed 200 OK
2025-08-27T02:02:16.560-03:00 DEBUG 23607 --- [io-8080-exec-10] o.s.web.servlet.DispatcherServlet        : PATCH "/api/tasks/2/status", parameters={}
2025-08-27T02:02:16.561-03:00 DEBUG 23607 --- [io-8080-exec-10] s.w.s.m.m.a.RequestMappingHandlerMapping : Mapped to com.kanban.controller.TaskController#updateTaskStatus(Long, StatusUpdateRequest)
2025-08-27T02:02:16.565-03:00 DEBUG 23607 --- [io-8080-exec-10] m.m.a.RequestResponseBodyMethodProcessor : Read "application/json;charset=UTF-8" to [com.kanban.controller.TaskController$StatusUpdateRequest@1fcc3869]
2025-08-27T02:02:16.576-03:00 DEBUG 23607 --- [io-8080-exec-10] org.hibernate.SQL                        : 
    select
        t1_0.id,
        t1_0.assignee,
        t1_0.created_at,
        t1_0.description,
        t1_0.due_date,
        t1_0.priority,
        t1_0.status,
        t1_0.title,
        t1_0.updated_at 
    from
        tasks t1_0 
    where
        t1_0.id=?
Hibernate: 
    select
        t1_0.id,
        t1_0.assignee,
        t1_0.created_at,
        t1_0.description,
        t1_0.due_date,
        t1_0.priority,
        t1_0.status,
        t1_0.title,
        t1_0.updated_at 
    from
        tasks t1_0 
    where
        t1_0.id=?
2025-08-27T02:02:16.589-03:00 DEBUG 23607 --- [io-8080-exec-10] org.hibernate.SQL                        : 
    update
        tasks 
    set
        assignee=?,
        created_at=?,
        description=?,
        due_date=?,
        priority=?,
        status=?,
        title=?,
        updated_at=? 
    where
        id=?
Hibernate: 
    update
        tasks 
    set
        assignee=?,
        created_at=?,
        description=?,
        due_date=?,
        priority=?,
        status=?,
        title=?,
        updated_at=? 
    where
        id=?
2025-08-27T02:02:16.600-03:00 DEBUG 23607 --- [io-8080-exec-10] o.s.w.s.m.m.a.HttpEntityMethodProcessor  : Using 'application/json', given [application/json, text/plain, */*] and supported [application/json, application/*+json]
2025-08-27T02:02:16.600-03:00 DEBUG 23607 --- [io-8080-exec-10] o.s.w.s.m.m.a.HttpEntityMethodProcessor  : Writing [com.kanban.model.Task@487d238d]
2025-08-27T02:02:16.601-03:00 DEBUG 23607 --- [io-8080-exec-10] o.s.web.servlet.DispatcherServlet        : Completed 200 OK
2025-08-27T02:02:18.714-03:00 DEBUG 23607 --- [nio-8080-exec-1] o.s.web.servlet.DispatcherServlet        : PATCH "/api/tasks/2/status", parameters={}
2025-08-27T02:02:18.715-03:00 DEBUG 23607 --- [nio-8080-exec-1] s.w.s.m.m.a.RequestMappingHandlerMapping : Mapped to com.kanban.controller.TaskController#updateTaskStatus(Long, StatusUpdateRequest)
2025-08-27T02:02:18.716-03:00 DEBUG 23607 --- [nio-8080-exec-1] m.m.a.RequestResponseBodyMethodProcessor : Read "application/json;charset=UTF-8" to [com.kanban.controller.TaskController$StatusUpdateRequest@63d00e36]
2025-08-27T02:02:18.718-03:00 DEBUG 23607 --- [nio-8080-exec-1] org.hibernate.SQL                        : 
    select
        t1_0.id,
        t1_0.assignee,
        t1_0.created_at,
        t1_0.description,
        t1_0.due_date,
        t1_0.priority,
        t1_0.status,
        t1_0.title,
        t1_0.updated_at 
    from
        tasks t1_0 
    where
        t1_0.id=?
Hibernate: 
    select
        t1_0.id,
        t1_0.assignee,
        t1_0.created_at,
        t1_0.description,
        t1_0.due_date,
        t1_0.priority,
        t1_0.status,
        t1_0.title,
        t1_0.updated_at 
    from
        tasks t1_0 
    where
        t1_0.id=?
2025-08-27T02:02:18.722-03:00 DEBUG 23607 --- [nio-8080-exec-1] org.hibernate.SQL                        : 
    update
        tasks 
    set
        assignee=?,
        created_at=?,
        description=?,
        due_date=?,
        priority=?,
        status=?,
        title=?,
        updated_at=? 
    where
        id=?
Hibernate: 
    update
        tasks 
    set
        assignee=?,
        created_at=?,
        description=?,
        due_date=?,
        priority=?,
        status=?,
        title=?,
        updated_at=? 
    where
        id=?
2025-08-27T02:02:18.729-03:00 DEBUG 23607 --- [nio-8080-exec-1] o.s.w.s.m.m.a.HttpEntityMethodProcessor  : Using 'application/json', given [application/json, text/plain, */*] and supported [application/json, application/*+json]
2025-08-27T02:02:18.730-03:00 DEBUG 23607 --- [nio-8080-exec-1] o.s.w.s.m.m.a.HttpEntityMethodProcessor  : Writing [com.kanban.model.Task@3d085db2]
2025-08-27T02:02:18.731-03:00 DEBUG 23607 --- [nio-8080-exec-1] o.s.web.servlet.DispatcherServlet        : Completed 200 OK
2025-08-27T02:02:20.555-03:00 DEBUG 23607 --- [nio-8080-exec-3] o.s.web.servlet.DispatcherServlet        : OPTIONS "/api/tasks/1/status", parameters={}
2025-08-27T02:02:20.558-03:00 DEBUG 23607 --- [nio-8080-exec-3] s.w.s.m.m.a.RequestMappingHandlerMapping : Mapped to com.kanban.controller.TaskController#updateTaskStatus(Long, StatusUpdateRequest)
2025-08-27T02:02:20.560-03:00 DEBUG 23607 --- [nio-8080-exec-3] o.s.web.servlet.DispatcherServlet        : Completed 200 OK
2025-08-27T02:02:20.567-03:00 DEBUG 23607 --- [nio-8080-exec-2] o.s.web.servlet.DispatcherServlet        : PATCH "/api/tasks/1/status", parameters={}
2025-08-27T02:02:20.567-03:00 DEBUG 23607 --- [nio-8080-exec-2] s.w.s.m.m.a.RequestMappingHandlerMapping : Mapped to com.kanban.controller.TaskController#updateTaskStatus(Long, StatusUpdateRequest)
2025-08-27T02:02:20.568-03:00 DEBUG 23607 --- [nio-8080-exec-2] m.m.a.RequestResponseBodyMethodProcessor : Read "application/json;charset=UTF-8" to [com.kanban.controller.TaskController$StatusUpdateRequest@6ed50d1f]
2025-08-27T02:02:20.569-03:00 DEBUG 23607 --- [nio-8080-exec-2] org.hibernate.SQL                        : 
    select
        t1_0.id,
        t1_0.assignee,
        t1_0.created_at,
        t1_0.description,
        t1_0.due_date,
        t1_0.priority,
        t1_0.status,
        t1_0.title,
        t1_0.updated_at 
    from
        tasks t1_0 
    where
        t1_0.id=?
Hibernate: 
    select
        t1_0.id,
        t1_0.assignee,
        t1_0.created_at,
        t1_0.description,
        t1_0.due_date,
        t1_0.priority,
        t1_0.status,
        t1_0.title,
        t1_0.updated_at 
    from
        tasks t1_0 
    where
        t1_0.id=?
2025-08-27T02:02:20.572-03:00 DEBUG 23607 --- [nio-8080-exec-2] org.hibernate.SQL                        : 
    update
        tasks 
    set
        assignee=?,
        created_at=?,
        description=?,
        due_date=?,
        priority=?,
        status=?,
        title=?,
        updated_at=? 
    where
        id=?
Hibernate: 
    update
        tasks 
    set
        assignee=?,
        created_at=?,
        description=?,
        due_date=?,
        priority=?,
        status=?,
        title=?,
        updated_at=? 
    where
        id=?
2025-08-27T02:02:20.578-03:00 DEBUG 23607 --- [nio-8080-exec-2] o.s.w.s.m.m.a.HttpEntityMethodProcessor  : Using 'application/json', given [application/json, text/plain, */*] and supported [application/json, application/*+json]
2025-08-27T02:02:20.578-03:00 DEBUG 23607 --- [nio-8080-exec-2] o.s.w.s.m.m.a.HttpEntityMethodProcessor  : Writing [com.kanban.model.Task@a765093]
2025-08-27T02:02:20.579-03:00 DEBUG 23607 --- [nio-8080-exec-2] o.s.web.servlet.DispatcherServlet        : Completed 200 OK
2025-08-27T02:02:22.531-03:00 DEBUG 23607 --- [nio-8080-exec-4] o.s.web.servlet.DispatcherServlet        : PATCH "/api/tasks/1/status", parameters={}
2025-08-27T02:02:22.532-03:00 DEBUG 23607 --- [nio-8080-exec-4] s.w.s.m.m.a.RequestMappingHandlerMapping : Mapped to com.kanban.controller.TaskController#updateTaskStatus(Long, StatusUpdateRequest)
2025-08-27T02:02:22.533-03:00 DEBUG 23607 --- [nio-8080-exec-4] m.m.a.RequestResponseBodyMethodProcessor : Read "application/json;charset=UTF-8" to [com.kanban.controller.TaskController$StatusUpdateRequest@6abfd2db]
2025-08-27T02:02:22.535-03:00 DEBUG 23607 --- [nio-8080-exec-4] org.hibernate.SQL                        : 
    select
        t1_0.id,
        t1_0.assignee,
        t1_0.created_at,
        t1_0.description,
        t1_0.due_date,
        t1_0.priority,
        t1_0.status,
        t1_0.title,
        t1_0.updated_at 
    from
        tasks t1_0 
    where
        t1_0.id=?
Hibernate: 
    select
        t1_0.id,
        t1_0.assignee,
        t1_0.created_at,
        t1_0.description,
        t1_0.due_date,
        t1_0.priority,
        t1_0.status,
        t1_0.title,
        t1_0.updated_at 
    from
        tasks t1_0 
    where
        t1_0.id=?
2025-08-27T02:02:22.538-03:00 DEBUG 23607 --- [nio-8080-exec-4] org.hibernate.SQL                        : 
    update
        tasks 
    set
        assignee=?,
        created_at=?,
        description=?,
        due_date=?,
        priority=?,
        status=?,
        title=?,
        updated_at=? 
    where
        id=?
Hibernate: 
    update
        tasks 
    set
        assignee=?,
        created_at=?,
        description=?,
        due_date=?,
        priority=?,
        status=?,
        title=?,
        updated_at=? 
    where
        id=?
2025-08-27T02:02:22.545-03:00 DEBUG 23607 --- [nio-8080-exec-4] o.s.w.s.m.m.a.HttpEntityMethodProcessor  : Using 'application/json', given [application/json, text/plain, */*] and supported [application/json, application/*+json]
2025-08-27T02:02:22.546-03:00 DEBUG 23607 --- [nio-8080-exec-4] o.s.w.s.m.m.a.HttpEntityMethodProcessor  : Writing [com.kanban.model.Task@236dc0bd]
2025-08-27T02:02:22.550-03:00 DEBUG 23607 --- [nio-8080-exec-4] o.s.web.servlet.DispatcherServlet        : Completed 200 OK
2025-08-27T02:02:25.164-03:00 DEBUG 23607 --- [nio-8080-exec-5] o.s.web.servlet.DispatcherServlet        : PATCH "/api/tasks/1/status", parameters={}
2025-08-27T02:02:25.165-03:00 DEBUG 23607 --- [nio-8080-exec-5] s.w.s.m.m.a.RequestMappingHandlerMapping : Mapped to com.kanban.controller.TaskController#updateTaskStatus(Long, StatusUpdateRequest)
2025-08-27T02:02:25.166-03:00 DEBUG 23607 --- [nio-8080-exec-5] m.m.a.RequestResponseBodyMethodProcessor : Read "application/json;charset=UTF-8" to [com.kanban.controller.TaskController$StatusUpdateRequest@37def714]
2025-08-27T02:02:25.168-03:00 DEBUG 23607 --- [nio-8080-exec-5] org.hibernate.SQL                        : 
    select
        t1_0.id,
        t1_0.assignee,
        t1_0.created_at,
        t1_0.description,
        t1_0.due_date,
        t1_0.priority,
        t1_0.status,
        t1_0.title,
        t1_0.updated_at 
    from
        tasks t1_0 
    where
        t1_0.id=?
Hibernate: 
    select
        t1_0.id,
        t1_0.assignee,
        t1_0.created_at,
        t1_0.description,
        t1_0.due_date,
        t1_0.priority,
        t1_0.status,
        t1_0.title,
        t1_0.updated_at 
    from
        tasks t1_0 
    where
        t1_0.id=?
2025-08-27T02:02:25.171-03:00 DEBUG 23607 --- [nio-8080-exec-5] org.hibernate.SQL                        : 
    update
        tasks 
    set
        assignee=?,
        created_at=?,
        description=?,
        due_date=?,
        priority=?,
        status=?,
        title=?,
        updated_at=? 
    where
        id=?
Hibernate: 
    update
        tasks 
    set
        assignee=?,
        created_at=?,
        description=?,
        due_date=?,
        priority=?,
        status=?,
        title=?,
        updated_at=? 
    where
        id=?
2025-08-27T02:02:25.177-03:00 DEBUG 23607 --- [nio-8080-exec-5] o.s.w.s.m.m.a.HttpEntityMethodProcessor  : Using 'application/json', given [application/json, text/plain, */*] and supported [application/json, application/*+json]
2025-08-27T02:02:25.178-03:00 DEBUG 23607 --- [nio-8080-exec-5] o.s.w.s.m.m.a.HttpEntityMethodProcessor  : Writing [com.kanban.model.Task@7d493b2d]
2025-08-27T02:02:25.179-03:00 DEBUG 23607 --- [nio-8080-exec-5] o.s.web.servlet.DispatcherServlet        : Completed 200 OK
2025-08-27T02:04:08.860-03:00 DEBUG 23607 --- [nio-8080-exec-7] o.s.web.servlet.DispatcherServlet        : GET "/api/tasks", parameters={}
2025-08-27T02:04:08.861-03:00 DEBUG 23607 --- [nio-8080-exec-7] s.w.s.m.m.a.RequestMappingHandlerMapping : Mapped to com.kanban.controller.TaskController#getAllTasks()
2025-08-27T02:04:08.862-03:00 DEBUG 23607 --- [nio-8080-exec-7] org.hibernate.SQL                        : 
    select
        t1_0.id,
        t1_0.assignee,
        t1_0.created_at,
        t1_0.description,
        t1_0.due_date,
        t1_0.priority,
        t1_0.status,
        t1_0.title,
        t1_0.updated_at 
    from
        tasks t1_0 
    order by
        t1_0.status,
        t1_0.priority desc,
        t1_0.created_at
Hibernate: 
    select
        t1_0.id,
        t1_0.assignee,
        t1_0.created_at,
        t1_0.description,
        t1_0.due_date,
        t1_0.priority,
        t1_0.status,
        t1_0.title,
        t1_0.updated_at 
    from
        tasks t1_0 
    order by
        t1_0.status,
        t1_0.priority desc,
        t1_0.created_at
2025-08-27T02:04:08.866-03:00 DEBUG 23607 --- [nio-8080-exec-7] o.s.w.s.m.m.a.HttpEntityMethodProcessor  : Using 'application/json', given [application/json, text/plain, */*] and supported [application/json, application/*+json]
2025-08-27T02:04:08.866-03:00 DEBUG 23607 --- [nio-8080-exec-7] o.s.w.s.m.m.a.HttpEntityMethodProcessor  : Writing [[com.kanban.model.Task@4bf8e218, com.kanban.model.Task@77a8de9e, com.kanban.model.Task@55b9f17a]]
2025-08-27T02:04:08.868-03:00 DEBUG 23607 --- [nio-8080-exec-7] o.s.web.servlet.DispatcherServlet        : Completed 200 OK
2025-08-27T02:04:09.367-03:00 DEBUG 23607 --- [nio-8080-exec-9] o.s.web.servlet.DispatcherServlet        : GET "/api/tasks", parameters={}
2025-08-27T02:04:09.368-03:00 DEBUG 23607 --- [nio-8080-exec-9] s.w.s.m.m.a.RequestMappingHandlerMapping : Mapped to com.kanban.controller.TaskController#getAllTasks()
2025-08-27T02:04:09.369-03:00 DEBUG 23607 --- [nio-8080-exec-9] org.hibernate.SQL                        : 
    select
        t1_0.id,
        t1_0.assignee,
        t1_0.created_at,
        t1_0.description,
        t1_0.due_date,
        t1_0.priority,
        t1_0.status,
        t1_0.title,
        t1_0.updated_at 
    from
        tasks t1_0 
    order by
        t1_0.status,
        t1_0.priority desc,
        t1_0.created_at
Hibernate: 
    select
        t1_0.id,
        t1_0.assignee,
        t1_0.created_at,
        t1_0.description,
        t1_0.due_date,
        t1_0.priority,
        t1_0.status,
        t1_0.title,
        t1_0.updated_at 
    from
        tasks t1_0 
    order by
        t1_0.status,
        t1_0.priority desc,
        t1_0.created_at
2025-08-27T02:04:09.372-03:00 DEBUG 23607 --- [nio-8080-exec-9] o.s.w.s.m.m.a.HttpEntityMethodProcessor  : Using 'application/json', given [application/json, text/plain, */*] and supported [application/json, application/*+json]
2025-08-27T02:04:09.372-03:00 DEBUG 23607 --- [nio-8080-exec-9] o.s.w.s.m.m.a.HttpEntityMethodProcessor  : Writing [[com.kanban.model.Task@18ea439e, com.kanban.model.Task@1ac6c5eb, com.kanban.model.Task@7414893b]]
2025-08-27T02:04:09.374-03:00 DEBUG 23607 --- [nio-8080-exec-9] o.s.web.servlet.DispatcherServlet        : Completed 200 OK
2025-08-27T02:04:09.942-03:00 DEBUG 23607 --- [nio-8080-exec-8] o.s.web.servlet.DispatcherServlet        : GET "/api/tasks", parameters={}
2025-08-27T02:04:09.943-03:00 DEBUG 23607 --- [nio-8080-exec-8] s.w.s.m.m.a.RequestMappingHandlerMapping : Mapped to com.kanban.controller.TaskController#getAllTasks()
2025-08-27T02:04:09.946-03:00 DEBUG 23607 --- [nio-8080-exec-8] org.hibernate.SQL                        : 
    select
        t1_0.id,
        t1_0.assignee,
        t1_0.created_at,
        t1_0.description,
        t1_0.due_date,
        t1_0.priority,
        t1_0.status,
        t1_0.title,
        t1_0.updated_at 
    from
        tasks t1_0 
    order by
        t1_0.status,
        t1_0.priority desc,
        t1_0.created_at
Hibernate: 
    select
        t1_0.id,
        t1_0.assignee,
        t1_0.created_at,
        t1_0.description,
        t1_0.due_date,
        t1_0.priority,
        t1_0.status,
        t1_0.title,
        t1_0.updated_at 
    from
        tasks t1_0 
    order by
        t1_0.status,
        t1_0.priority desc,
        t1_0.created_at
2025-08-27T02:04:09.949-03:00 DEBUG 23607 --- [nio-8080-exec-8] o.s.w.s.m.m.a.HttpEntityMethodProcessor  : Using 'application/json', given [application/json, text/plain, */*] and supported [application/json, application/*+json]
2025-08-27T02:04:09.950-03:00 DEBUG 23607 --- [nio-8080-exec-8] o.s.w.s.m.m.a.HttpEntityMethodProcessor  : Writing [[com.kanban.model.Task@760413af, com.kanban.model.Task@7e99f984, com.kanban.model.Task@61d15021]]
2025-08-27T02:04:09.951-03:00 DEBUG 23607 --- [nio-8080-exec-8] o.s.web.servlet.DispatcherServlet        : Completed 200 OK
2025-08-27T02:04:10.393-03:00 DEBUG 23607 --- [io-8080-exec-10] o.s.web.servlet.DispatcherServlet        : GET "/api/tasks", parameters={}
2025-08-27T02:04:10.394-03:00 DEBUG 23607 --- [io-8080-exec-10] s.w.s.m.m.a.RequestMappingHandlerMapping : Mapped to com.kanban.controller.TaskController#getAllTasks()
2025-08-27T02:04:10.395-03:00 DEBUG 23607 --- [io-8080-exec-10] org.hibernate.SQL                        : 
    select
        t1_0.id,
        t1_0.assignee,
        t1_0.created_at,
        t1_0.description,
        t1_0.due_date,
        t1_0.priority,
        t1_0.status,
        t1_0.title,
        t1_0.updated_at 
    from
        tasks t1_0 
    order by
        t1_0.status,
        t1_0.priority desc,
        t1_0.created_at
Hibernate: 
    select
        t1_0.id,
        t1_0.assignee,
        t1_0.created_at,
        t1_0.description,
        t1_0.due_date,
        t1_0.priority,
        t1_0.status,
        t1_0.title,
        t1_0.updated_at 
    from
        tasks t1_0 
    order by
        t1_0.status,
        t1_0.priority desc,
        t1_0.created_at
2025-08-27T02:04:10.398-03:00 DEBUG 23607 --- [io-8080-exec-10] o.s.w.s.m.m.a.HttpEntityMethodProcessor  : Using 'application/json', given [application/json, text/plain, */*] and supported [application/json, application/*+json]
2025-08-27T02:04:10.399-03:00 DEBUG 23607 --- [io-8080-exec-10] o.s.w.s.m.m.a.HttpEntityMethodProcessor  : Writing [[com.kanban.model.Task@34b0e3cf, com.kanban.model.Task@2d42f73f, com.kanban.model.Task@6c955636]]
2025-08-27T02:04:10.401-03:00 DEBUG 23607 --- [io-8080-exec-10] o.s.web.servlet.DispatcherServlet        : Completed 200 OK
2025-08-27T02:04:13.486-03:00 DEBUG 23607 --- [nio-8080-exec-1] o.s.web.servlet.DispatcherServlet        : GET "/api/tasks", parameters={}
2025-08-27T02:04:13.487-03:00 DEBUG 23607 --- [nio-8080-exec-1] s.w.s.m.m.a.RequestMappingHandlerMapping : Mapped to com.kanban.controller.TaskController#getAllTasks()
2025-08-27T02:04:13.489-03:00 DEBUG 23607 --- [nio-8080-exec-1] org.hibernate.SQL                        : 
    select
        t1_0.id,
        t1_0.assignee,
        t1_0.created_at,
        t1_0.description,
        t1_0.due_date,
        t1_0.priority,
        t1_0.status,
        t1_0.title,
        t1_0.updated_at 
    from
        tasks t1_0 
    order by
        t1_0.status,
        t1_0.priority desc,
        t1_0.created_at
Hibernate: 
    select
        t1_0.id,
        t1_0.assignee,
        t1_0.created_at,
        t1_0.description,
        t1_0.due_date,
        t1_0.priority,
        t1_0.status,
        t1_0.title,
        t1_0.updated_at 
    from
        tasks t1_0 
    order by
        t1_0.status,
        t1_0.priority desc,
        t1_0.created_at
2025-08-27T02:04:13.492-03:00 DEBUG 23607 --- [nio-8080-exec-1] o.s.w.s.m.m.a.HttpEntityMethodProcessor  : Using 'application/json', given [application/json, text/plain, */*] and supported [application/json, application/*+json]
2025-08-27T02:04:13.493-03:00 DEBUG 23607 --- [nio-8080-exec-1] o.s.w.s.m.m.a.HttpEntityMethodProcessor  : Writing [[com.kanban.model.Task@e2dd782, com.kanban.model.Task@3d005f8f, com.kanban.model.Task@481ad731]]
2025-08-27T02:04:13.496-03:00 DEBUG 23607 --- [nio-8080-exec-1] o.s.web.servlet.DispatcherServlet        : Completed 200 OK
2025-08-27T02:04:15.371-03:00 DEBUG 23607 --- [nio-8080-exec-3] o.s.web.servlet.DispatcherServlet        : OPTIONS "/api/tasks/2/status", parameters={}
2025-08-27T02:04:15.371-03:00 DEBUG 23607 --- [nio-8080-exec-3] s.w.s.m.m.a.RequestMappingHandlerMapping : Mapped to com.kanban.controller.TaskController#updateTaskStatus(Long, StatusUpdateRequest)
2025-08-27T02:04:15.373-03:00 DEBUG 23607 --- [nio-8080-exec-3] o.s.web.servlet.DispatcherServlet        : Completed 200 OK
2025-08-27T02:04:15.376-03:00 DEBUG 23607 --- [nio-8080-exec-2] o.s.web.servlet.DispatcherServlet        : PATCH "/api/tasks/2/status", parameters={}
2025-08-27T02:04:15.376-03:00 DEBUG 23607 --- [nio-8080-exec-2] s.w.s.m.m.a.RequestMappingHandlerMapping : Mapped to com.kanban.controller.TaskController#updateTaskStatus(Long, StatusUpdateRequest)
2025-08-27T02:04:15.377-03:00 DEBUG 23607 --- [nio-8080-exec-2] m.m.a.RequestResponseBodyMethodProcessor : Read "application/json;charset=UTF-8" to [com.kanban.controller.TaskController$StatusUpdateRequest@7deeb75b]
2025-08-27T02:04:15.379-03:00 DEBUG 23607 --- [nio-8080-exec-2] org.hibernate.SQL                        : 
    select
        t1_0.id,
        t1_0.assignee,
        t1_0.created_at,
        t1_0.description,
        t1_0.due_date,
        t1_0.priority,
        t1_0.status,
        t1_0.title,
        t1_0.updated_at 
    from
        tasks t1_0 
    where
        t1_0.id=?
Hibernate: 
    select
        t1_0.id,
        t1_0.assignee,
        t1_0.created_at,
        t1_0.description,
        t1_0.due_date,
        t1_0.priority,
        t1_0.status,
        t1_0.title,
        t1_0.updated_at 
    from
        tasks t1_0 
    where
        t1_0.id=?
2025-08-27T02:04:15.385-03:00 DEBUG 23607 --- [nio-8080-exec-2] org.hibernate.SQL                        : 
    update
        tasks 
    set
        assignee=?,
        created_at=?,
        description=?,
        due_date=?,
        priority=?,
        status=?,
        title=?,
        updated_at=? 
    where
        id=?
Hibernate: 
    update
        tasks 
    set
        assignee=?,
        created_at=?,
        description=?,
        due_date=?,
        priority=?,
        status=?,
        title=?,
        updated_at=? 
    where
        id=?
2025-08-27T02:04:15.391-03:00 DEBUG 23607 --- [nio-8080-exec-2] o.s.w.s.m.m.a.HttpEntityMethodProcessor  : Using 'application/json', given [application/json, text/plain, */*] and supported [application/json, application/*+json]
2025-08-27T02:04:15.391-03:00 DEBUG 23607 --- [nio-8080-exec-2] o.s.w.s.m.m.a.HttpEntityMethodProcessor  : Writing [com.kanban.model.Task@b22d43d]
2025-08-27T02:04:15.392-03:00 DEBUG 23607 --- [nio-8080-exec-2] o.s.web.servlet.DispatcherServlet        : Completed 200 OK
2025-08-27T02:04:16.355-03:00 DEBUG 23607 --- [nio-8080-exec-4] o.s.web.servlet.DispatcherServlet        : OPTIONS "/api/tasks/3/status", parameters={}
2025-08-27T02:04:16.355-03:00 DEBUG 23607 --- [nio-8080-exec-4] s.w.s.m.m.a.RequestMappingHandlerMapping : Mapped to com.kanban.controller.TaskController#updateTaskStatus(Long, StatusUpdateRequest)
2025-08-27T02:04:16.356-03:00 DEBUG 23607 --- [nio-8080-exec-4] o.s.web.servlet.DispatcherServlet        : Completed 200 OK
2025-08-27T02:04:16.360-03:00 DEBUG 23607 --- [nio-8080-exec-5] o.s.web.servlet.DispatcherServlet        : PATCH "/api/tasks/3/status", parameters={}
2025-08-27T02:04:16.360-03:00 DEBUG 23607 --- [nio-8080-exec-5] s.w.s.m.m.a.RequestMappingHandlerMapping : Mapped to com.kanban.controller.TaskController#updateTaskStatus(Long, StatusUpdateRequest)
2025-08-27T02:04:16.361-03:00 DEBUG 23607 --- [nio-8080-exec-5] m.m.a.RequestResponseBodyMethodProcessor : Read "application/json;charset=UTF-8" to [com.kanban.controller.TaskController$StatusUpdateRequest@21d0d2ef]
2025-08-27T02:04:16.364-03:00 DEBUG 23607 --- [nio-8080-exec-5] org.hibernate.SQL                        : 
    select
        t1_0.id,
        t1_0.assignee,
        t1_0.created_at,
        t1_0.description,
        t1_0.due_date,
        t1_0.priority,
        t1_0.status,
        t1_0.title,
        t1_0.updated_at 
    from
        tasks t1_0 
    where
        t1_0.id=?
Hibernate: 
    select
        t1_0.id,
        t1_0.assignee,
        t1_0.created_at,
        t1_0.description,
        t1_0.due_date,
        t1_0.priority,
        t1_0.status,
        t1_0.title,
        t1_0.updated_at 
    from
        tasks t1_0 
    where
        t1_0.id=?
2025-08-27T02:04:16.368-03:00 DEBUG 23607 --- [nio-8080-exec-5] org.hibernate.SQL                        : 
    update
        tasks 
    set
        assignee=?,
        created_at=?,
        description=?,
        due_date=?,
        priority=?,
        status=?,
        title=?,
        updated_at=? 
    where
        id=?
Hibernate: 
    update
        tasks 
    set
        assignee=?,
        created_at=?,
        description=?,
        due_date=?,
        priority=?,
        status=?,
        title=?,
        updated_at=? 
    where
        id=?
2025-08-27T02:04:16.382-03:00 DEBUG 23607 --- [nio-8080-exec-5] o.s.w.s.m.m.a.HttpEntityMethodProcessor  : Using 'application/json', given [application/json, text/plain, */*] and supported [application/json, application/*+json]
2025-08-27T02:04:16.382-03:00 DEBUG 23607 --- [nio-8080-exec-5] o.s.w.s.m.m.a.HttpEntityMethodProcessor  : Writing [com.kanban.model.Task@34858633]
2025-08-27T02:04:16.384-03:00 DEBUG 23607 --- [nio-8080-exec-5] o.s.web.servlet.DispatcherServlet        : Completed 200 OK
2025-08-27T02:04:37.756-03:00  INFO 23607 --- [ionShutdownHook] j.LocalContainerEntityManagerFactoryBean : Closing JPA EntityManagerFactory for persistence unit 'default'
2025-08-27T02:04:37.760-03:00  INFO 23607 --- [ionShutdownHook] com.zaxxer.hikari.HikariDataSource       : HikariPool-1 - Shutdown initiated...
2025-08-27T02:04:37.771-03:00  INFO 23607 --- [ionShutdownHook] com.zaxxer.hikari.HikariDataSource       : HikariPool-1 - Shutdown completed.
